2023-08-04 10:19:29.953 [restartedMain] INFO  com.imi4u36d.dreamer.DreamerApplication - Starting DreamerApplication using Java 17.0.8 with PID 11435 (/Users/wangzhuo/IdeaProjects/dreamer/target/classes started by wangzhuo in /Users/wangzhuo/IdeaProjects/dreamer)
2023-08-04 10:19:29.958 [restartedMain] INFO  com.imi4u36d.dreamer.DreamerApplication - The following 1 profile is active: "dev"
2023-08-04 10:19:29.981 [restartedMain] INFO  o.s.b.d.env.DevToolsPropertyDefaultsPostProcessor - Devtools property defaults active! Set 'spring.devtools.add-properties' to 'false' to disable
2023-08-04 10:19:29.982 [restartedMain] INFO  o.s.b.d.env.DevToolsPropertyDefaultsPostProcessor - For additional web related logging consider setting the 'logging.level.web' property to 'DEBUG'
2023-08-04 10:19:30.608 [restartedMain] INFO  o.s.d.r.config.RepositoryConfigurationDelegate - Multiple Spring Data modules found, entering strict repository configuration mode
2023-08-04 10:19:30.609 [restartedMain] INFO  o.s.d.r.config.RepositoryConfigurationDelegate - Bootstrapping Spring Data Redis repositories in DEFAULT mode.
2023-08-04 10:19:30.630 [restartedMain] INFO  o.s.d.r.config.RepositoryConfigurationDelegate - Finished Spring Data repository scanning in 11 ms. Found 0 Redis repository interfaces.
2023-08-04 10:19:31.170 [restartedMain] INFO  o.s.boot.web.embedded.tomcat.TomcatWebServer - Tomcat initialized with port(s): 6060 (http)
2023-08-04 10:19:31.175 [restartedMain] INFO  org.apache.coyote.http11.Http11NioProtocol - Initializing ProtocolHandler ["http-nio-6060"]
2023-08-04 10:19:31.176 [restartedMain] INFO  org.apache.catalina.core.StandardService - Starting service [Tomcat]
2023-08-04 10:19:31.176 [restartedMain] INFO  org.apache.catalina.core.StandardEngine - Starting Servlet engine: [Apache Tomcat/10.1.10]
2023-08-04 10:19:31.209 [restartedMain] INFO  o.a.c.core.ContainerBase.[Tomcat].[localhost].[/] - Initializing Spring embedded WebApplicationContext
2023-08-04 10:19:31.209 [restartedMain] INFO  o.s.b.w.s.c.ServletWebServerApplicationContext - Root WebApplicationContext: initialization completed in 1227 ms
2023-08-04 10:19:31.738 [restartedMain] INFO  org.redisson.Version - Redisson 3.23.2
2023-08-04 10:19:31.755 [restartedMain] WARN  i.n.resolver.dns.DnsServerAddressStreamProviders - Can not find io.netty.resolver.dns.macos.MacOSDnsServerAddressStreamProvider in the classpath, fallback to system defaults. This may result in incorrect DNS resolutions on MacOS. Check whether you have a dependency on 'io.netty:netty-resolver-dns-native-macos'
2023-08-04 10:19:31.842 [redisson-netty-2-5] INFO  o.r.connection.pool.MasterPubSubConnectionPool - 1 connections initialized for 127.0.0.1/127.0.0.1:6379
2023-08-04 10:19:31.945 [redisson-netty-2-19] INFO  org.redisson.connection.pool.MasterConnectionPool - 24 connections initialized for 127.0.0.1/127.0.0.1:6379
2023-08-04 10:19:32.389 [restartedMain] WARN  o.s.b.d.autoconfigure.OptionalLiveReloadServer - Unable to start LiveReload server
2023-08-04 10:19:32.391 [restartedMain] INFO  o.s.b.actuate.endpoint.web.EndpointLinksResolver - Exposing 1 endpoint(s) beneath base path '/actuator'
2023-08-04 10:19:32.423 [restartedMain] INFO  org.apache.coyote.http11.Http11NioProtocol - Starting ProtocolHandler ["http-nio-6060"]
2023-08-04 10:19:32.425 [restartedMain] WARN  o.s.b.w.s.c.AnnotationConfigServletWebServerApplicationContext - Exception encountered during context initialization - cancelling refresh attempt: org.springframework.context.ApplicationContextException: Failed to start bean 'webServerStartStop'
2023-08-04 10:19:32.436 [restartedMain] INFO  org.apache.coyote.http11.Http11NioProtocol - Pausing ProtocolHandler ["http-nio-6060"]
2023-08-04 10:19:32.436 [restartedMain] INFO  org.apache.catalina.core.StandardService - Stopping service [Tomcat]
2023-08-04 10:19:32.439 [restartedMain] INFO  org.apache.coyote.http11.Http11NioProtocol - Stopping ProtocolHandler ["http-nio-6060"]
2023-08-04 10:19:32.440 [restartedMain] INFO  org.apache.coyote.http11.Http11NioProtocol - Destroying ProtocolHandler ["http-nio-6060"]
2023-08-04 10:19:32.449 [restartedMain] INFO  o.s.b.a.logging.ConditionEvaluationReportLogger - 

Error starting ApplicationContext. To display the condition evaluation report re-run your application with 'debug' enabled.
2023-08-04 10:19:32.458 [restartedMain] ERROR o.s.b.diagnostics.LoggingFailureAnalysisReporter - 

***************************
APPLICATION FAILED TO START
***************************

Description:

Web server failed to start. Port 6060 was already in use.

Action:

Identify and stop the process that's listening on port 6060 or configure this application to listen on another port.

